c:\users\davidgerigpc\desktop\hackathon master\hackathon\platformer\debug\vc140.pdb
c:\users\davidgerigpc\desktop\hackathon master\hackathon\platformer\debug\vc140.idb
c:\users\davidgerigpc\desktop\hackathon master\hackathon\platformer\debug\button.obj
c:\users\davidgerigpc\desktop\hackathon master\hackathon\platformer\debug\cannon.obj
c:\users\davidgerigpc\desktop\hackathon master\hackathon\platformer\debug\door.obj
c:\users\davidgerigpc\desktop\hackathon master\hackathon\platformer\debug\fireball.obj
c:\users\davidgerigpc\desktop\hackathon master\hackathon\platformer\debug\game.obj
c:\users\davidgerigpc\desktop\hackathon master\hackathon\platformer\debug\inputhandler.obj
c:\users\davidgerigpc\desktop\hackathon master\hackathon\platformer\debug\level.obj
c:\users\davidgerigpc\desktop\hackathon master\hackathon\platformer\debug\menuscene.obj
c:\users\davidgerigpc\desktop\hackathon master\hackathon\platformer\debug\platform.obj
c:\users\davidgerigpc\desktop\hackathon master\hackathon\platformer\debug\player.obj
c:\users\davidgerigpc\desktop\hackathon master\hackathon\debug\platformer.ilk
c:\users\davidgerigpc\desktop\hackathon master\hackathon\debug\platformer.exe
c:\users\davidgerigpc\desktop\hackathon master\hackathon\debug\platformer.pdb
c:\users\davidgerigpc\desktop\hackathon master\hackathon\platformer\debug\platformer.tlog\cl.command.1.tlog
c:\users\davidgerigpc\desktop\hackathon master\hackathon\platformer\debug\platformer.tlog\cl.read.1.tlog
c:\users\davidgerigpc\desktop\hackathon master\hackathon\platformer\debug\platformer.tlog\cl.write.1.tlog
c:\users\davidgerigpc\desktop\hackathon master\hackathon\platformer\debug\platformer.tlog\link.command.1.tlog
c:\users\davidgerigpc\desktop\hackathon master\hackathon\platformer\debug\platformer.tlog\link.read.1.tlog
c:\users\davidgerigpc\desktop\hackathon master\hackathon\platformer\debug\platformer.tlog\link.write.1.tlog
